<?xml version="1.0" encoding="UTF-8"?>
<testng-results skipped="0" failed="1" total="1" passed="0">
  <reporter-output>
  </reporter-output>
  <suite name="Default suite" duration-ms="3195" started-at="2016-04-29T16:48:51Z" finished-at="2016-04-29T16:48:54Z">
    <groups>
    </groups>
    <test name="Default test" duration-ms="3195" started-at="2016-04-29T16:48:51Z" finished-at="2016-04-29T16:48:54Z">
      <class name="com.dataart.selenium.tests.ApplicationTest">
        <test-method status="PASS" signature="beforeSuite()[pri:0, instance:com.dataart.selenium.tests.ApplicationTest@7d9d1a19]" name="beforeSuite" is-config="true" duration-ms="3275" started-at="2016-04-29T19:48:48Z" finished-at="2016-04-29T19:48:51Z">
          <reporter-output>
          </reporter-output>
        </test-method> <!-- beforeSuite -->
        <test-method status="PASS" signature="openHomePage()[pri:0, instance:com.dataart.selenium.tests.ApplicationTest@7d9d1a19]" name="openHomePage" is-config="true" duration-ms="73" started-at="2016-04-29T19:48:51Z" finished-at="2016-04-29T19:48:51Z">
          <reporter-output>
          </reporter-output>
        </test-method> <!-- openHomePage -->
        <test-method status="FAIL" signature="createNewApplicationAndDownloadItManyTimes()[pri:0, instance:com.dataart.selenium.tests.ApplicationTest@7d9d1a19]" name="createNewApplicationAndDownloadItManyTimes" duration-ms="3098" started-at="2016-04-29T19:48:51Z" finished-at="2016-04-29T19:48:54Z">
          <exception class="java.lang.AssertionError">
            <message>
              <![CDATA[The following asserts failed:
]]>
            </message>
            <full-stacktrace>
              <![CDATA[java.lang.AssertionError: The following asserts failed:

	at org.testng.asserts.SoftAssert.assertAll(SoftAssert.java:37)
	at com.dataart.selenium.tests.ApplicationTest.createNewApplicationAndDownloadItManyTimes(ApplicationTest.java:81)
	at sun.reflect.NativeMethodAccessorImpl.invoke0(Native Method)
	at sun.reflect.NativeMethodAccessorImpl.invoke(NativeMethodAccessorImpl.java:62)
	at sun.reflect.DelegatingMethodAccessorImpl.invoke(DelegatingMethodAccessorImpl.java:43)
	at java.lang.reflect.Method.invoke(Method.java:498)
	at org.testng.internal.MethodInvocationHelper.invokeMethod(MethodInvocationHelper.java:80)
	at org.testng.internal.Invoker.invokeMethod(Invoker.java:714)
	at org.testng.internal.Invoker.invokeTestMethod(Invoker.java:901)
	at org.testng.internal.Invoker.invokeTestMethods(Invoker.java:1231)
	at org.testng.internal.TestMethodWorker.invokeTestMethods(TestMethodWorker.java:127)
	at org.testng.internal.TestMethodWorker.run(TestMethodWorker.java:111)
	at org.testng.TestRunner.privateRun(TestRunner.java:767)
	at org.testng.TestRunner.run(TestRunner.java:617)
	at org.testng.SuiteRunner.runTest(SuiteRunner.java:334)
	at org.testng.SuiteRunner.runSequentially(SuiteRunner.java:329)
	at org.testng.SuiteRunner.privateRun(SuiteRunner.java:291)
	at org.testng.SuiteRunner.run(SuiteRunner.java:240)
	at org.testng.SuiteRunnerWorker.runSuite(SuiteRunnerWorker.java:52)
	at org.testng.SuiteRunnerWorker.run(SuiteRunnerWorker.java:86)
	at org.testng.TestNG.runSuitesSequentially(TestNG.java:1198)
	at org.testng.TestNG.runSuitesLocally(TestNG.java:1123)
	at org.testng.TestNG.run(TestNG.java:1031)
	at org.testng.remote.AbstractRemoteTestNG.run(AbstractRemoteTestNG.java:126)
	at org.testng.remote.RemoteTestNG.initAndRun(RemoteTestNG.java:137)
	at org.testng.remote.RemoteTestNG.main(RemoteTestNG.java:58)
]]>
            </full-stacktrace>
          </exception> <!-- java.lang.AssertionError -->
          <reporter-output>
          </reporter-output>
        </test-method> <!-- createNewApplicationAndDownloadItManyTimes -->
        <test-method status="PASS" signature="afterClass()[pri:0, instance:com.dataart.selenium.tests.ApplicationTest@7d9d1a19]" name="afterClass" is-config="true" duration-ms="1317" started-at="2016-04-29T19:48:55Z" finished-at="2016-04-29T19:48:56Z">
          <reporter-output>
          </reporter-output>
        </test-method> <!-- afterClass -->
      </class> <!-- com.dataart.selenium.tests.ApplicationTest -->
    </test> <!-- Default test -->
  </suite> <!-- Default suite -->
</testng-results>
